<?xml version="1.0" encoding="UTF-8"?>
<!-- Generated by org.testng.reporters.JUnitXMLReporter -->
<testsuite ignored="0" hostname="DESKTOP-7SBFA82" failures="0" tests="3" name="Default test" time="0.617" errors="0" timestamp="2026-07-15T13:00:40 IST">
  <testcase classname="ParallelTest_1.Registration" name="EmailFormatevalidation" time="0.105"/>
  <testcase classname="ParallelTest_1.Registration" name="InputFieldFunctinality" time="0.028"/>
  <testcase classname="ParallelTest_1.Registration" name="PasswordPolicyValidation" time="0.046"/>
</testsuite> <!-- Default test -->
