<?xml version="1.0" encoding="UTF-8"?>
<!-- Generated by org.testng.reporters.JUnitXMLReporter -->
<testsuite ignored="0" hostname="DESKTOP-7SBFA82" failures="0" tests="7" name="Test" time="0.217" errors="0" timestamp="2026-07-23T00:02:12 IST">
  <testcase classname="ParallelTest_1.Registration" name="EmailFormatevalidation" time="0.016"/>
  <testcase classname="ParallelTest_1.Registration" name="InputFieldFunctinality" time="0.006"/>
  <testcase classname="ParallelTest_1.Registration" name="PasswordPolicyValidation" time="0.012"/>
  <testcase classname="ParallelTest_2.LogIn" name="InputPassword" time="0.034"/>
  <testcase classname="ParallelTest_2.LogIn" name="InputUserName" time="0.006"/>
  <testcase classname="ParallelTest_2.LogIn" name="LogInButton" time="0.01"/>
  <testcase classname="ParallelTest_3.HomePage" name="HomePageFunctinality" time="0.018"/>
</testsuite> <!-- Test -->
