<?xml version="1.0" encoding="UTF-8"?>
<!-- Generated by org.testng.reporters.JUnitXMLReporter -->
<testsuite ignored="0" hostname="DESKTOP-7SBFA82" failures="0" tests="3" name="Test" time="0.848" errors="0" timestamp="2026-07-21T01:28:46 IST">
  <testcase classname="ParallelTest_1.Registration" name="EmailFormatevalidation" time="0.214"/>
  <testcase classname="ParallelTest_1.Registration" name="InputFieldFunctinality" time="0.006"/>
  <testcase classname="ParallelTest_1.Registration" name="PasswordPolicyValidation" time="0.006"/>
</testsuite> <!-- Test -->
