<?xml version="1.0" encoding="UTF-8"?>
<!-- Generated by org.testng.reporters.JUnitXMLReporter -->
<testsuite ignored="0" hostname="DESKTOP-7SBFA82" failures="0" tests="3" name="Test" time="1.26" errors="0" timestamp="2026-07-23T00:02:11 IST">
  <testcase classname="ParallelTest_1.Registration" name="EmailFormatevalidation" time="0.363"/>
  <testcase classname="ParallelTest_1.Registration" name="InputFieldFunctinality" time="0.019"/>
  <testcase classname="ParallelTest_1.Registration" name="PasswordPolicyValidation" time="0.03"/>
</testsuite> <!-- Test -->
