<?xml version="1.0" encoding="UTF-8"?>
<testng-results ignored="0" total="14" passed="14" failed="0" skipped="0">
  <reporter-output>
  </reporter-output>
  <suite started-at="2026-07-21T01:28:45 IST" name="Suite" finished-at="2026-07-21T01:28:46 IST" duration-ms="848">
    <groups>
    </groups>
    <test started-at="2026-07-21T01:28:45 IST" name="Test" finished-at="2026-07-21T01:28:46 IST" duration-ms="848">
      <class name="ParallelTest_1.Registration">
        <test-method signature="EmailFormatevalidation()[pri:0, instance:ParallelTest_1.Registration@302c971f]" started-at="2026-07-21T01:28:46 IST" name="EmailFormatevalidation" finished-at="2026-07-21T01:28:46 IST" duration-ms="214" status="PASS">
          <reporter-output>
          </reporter-output>
        </test-method> <!-- EmailFormatevalidation -->
        <test-method signature="InputFieldFunctinality()[pri:0, instance:ParallelTest_1.Registration@302c971f]" started-at="2026-07-21T01:28:46 IST" name="InputFieldFunctinality" finished-at="2026-07-21T01:28:46 IST" duration-ms="6" status="PASS">
          <reporter-output>
          </reporter-output>
        </test-method> <!-- InputFieldFunctinality -->
        <test-method signature="PasswordPolicyValidation()[pri:0, instance:ParallelTest_1.Registration@302c971f]" started-at="2026-07-21T01:28:46 IST" name="PasswordPolicyValidation" finished-at="2026-07-21T01:28:46 IST" duration-ms="6" status="PASS">
          <reporter-output>
          </reporter-output>
        </test-method> <!-- PasswordPolicyValidation -->
      </class> <!-- ParallelTest_1.Registration -->
    </test> <!-- Test -->
  </suite> <!-- Suite -->
  <suite started-at="2026-07-21T01:28:47 IST" name="Suite (1)" finished-at="2026-07-21T01:28:47 IST" duration-ms="31">
    <groups>
    </groups>
    <test started-at="2026-07-21T01:28:47 IST" name="Test" finished-at="2026-07-21T01:28:47 IST" duration-ms="31">
      <class name="ParallelTest_3.HomePage">
        <test-method signature="HomePageFunctinality()[pri:0, instance:ParallelTest_3.HomePage@23f5b5dc]" started-at="2026-07-21T01:28:47 IST" name="HomePageFunctinality" finished-at="2026-07-21T01:28:47 IST" duration-ms="9" status="PASS">
          <reporter-output>
          </reporter-output>
        </test-method> <!-- HomePageFunctinality -->
      </class> <!-- ParallelTest_3.HomePage -->
    </test> <!-- Test -->
  </suite> <!-- Suite (1) -->
  <suite started-at="2026-07-21T01:28:46 IST" name="Suite (0)" finished-at="2026-07-21T01:28:46 IST" duration-ms="73">
    <groups>
    </groups>
    <test started-at="2026-07-21T01:28:46 IST" name="Test" finished-at="2026-07-21T01:28:46 IST" duration-ms="73">
      <class name="ParallelTest_2.LogIn">
        <test-method signature="InputPassword()[pri:0, instance:ParallelTest_2.LogIn@6b09fb41]" started-at="2026-07-21T01:28:46 IST" name="InputPassword" finished-at="2026-07-21T01:28:46 IST" duration-ms="6" status="PASS">
          <reporter-output>
          </reporter-output>
        </test-method> <!-- InputPassword -->
        <test-method signature="InputUserName()[pri:0, instance:ParallelTest_2.LogIn@6b09fb41]" started-at="2026-07-21T01:28:46 IST" name="InputUserName" finished-at="2026-07-21T01:28:46 IST" duration-ms="10" status="PASS">
          <reporter-output>
          </reporter-output>
        </test-method> <!-- InputUserName -->
        <test-method signature="LogInButton()[pri:0, instance:ParallelTest_2.LogIn@6b09fb41]" started-at="2026-07-21T01:28:46 IST" name="LogInButton" finished-at="2026-07-21T01:28:46 IST" duration-ms="10" status="PASS">
          <reporter-output>
          </reporter-output>
        </test-method> <!-- LogInButton -->
      </class> <!-- ParallelTest_2.LogIn -->
    </test> <!-- Test -->
  </suite> <!-- Suite (0) -->
  <suite started-at="2026-07-21T01:28:47 IST" name="Master Suite" finished-at="2026-07-21T01:28:47 IST" duration-ms="0">
    <groups>
    </groups>
  </suite> <!-- Master Suite -->
  <suite started-at="2026-07-21T01:28:47 IST" name="Suite (2)" finished-at="2026-07-21T01:28:47 IST" duration-ms="213">
    <groups>
    </groups>
    <test started-at="2026-07-21T01:28:47 IST" name="Test" finished-at="2026-07-21T01:28:47 IST" duration-ms="213">
      <class name="ParallelTest_2.LogIn">
        <test-method signature="InputPassword()[pri:0, instance:ParallelTest_2.LogIn@6f43c82]" started-at="2026-07-21T01:28:47 IST" name="InputPassword" finished-at="2026-07-21T01:28:47 IST" duration-ms="6" status="PASS">
          <reporter-output>
          </reporter-output>
        </test-method> <!-- InputPassword -->
        <test-method signature="InputUserName()[pri:0, instance:ParallelTest_2.LogIn@6f43c82]" started-at="2026-07-21T01:28:47 IST" name="InputUserName" finished-at="2026-07-21T01:28:47 IST" duration-ms="5" status="PASS">
          <reporter-output>
          </reporter-output>
        </test-method> <!-- InputUserName -->
        <test-method signature="LogInButton()[pri:0, instance:ParallelTest_2.LogIn@6f43c82]" started-at="2026-07-21T01:28:47 IST" name="LogInButton" finished-at="2026-07-21T01:28:47 IST" duration-ms="25" status="PASS">
          <reporter-output>
          </reporter-output>
        </test-method> <!-- LogInButton -->
      </class> <!-- ParallelTest_2.LogIn -->
      <class name="ParallelTest_3.HomePage">
        <test-method signature="HomePageFunctinality()[pri:0, instance:ParallelTest_3.HomePage@5db6b9cd]" started-at="2026-07-21T01:28:47 IST" name="HomePageFunctinality" finished-at="2026-07-21T01:28:47 IST" duration-ms="5" status="PASS">
          <reporter-output>
          </reporter-output>
        </test-method> <!-- HomePageFunctinality -->
      </class> <!-- ParallelTest_3.HomePage -->
      <class name="ParallelTest_1.Registration">
        <test-method signature="EmailFormatevalidation()[pri:0, instance:ParallelTest_1.Registration@821330f]" started-at="2026-07-21T01:28:47 IST" name="EmailFormatevalidation" finished-at="2026-07-21T01:28:47 IST" duration-ms="12" status="PASS">
          <reporter-output>
          </reporter-output>
        </test-method> <!-- EmailFormatevalidation -->
        <test-method signature="InputFieldFunctinality()[pri:0, instance:ParallelTest_1.Registration@821330f]" started-at="2026-07-21T01:28:47 IST" name="InputFieldFunctinality" finished-at="2026-07-21T01:28:47 IST" duration-ms="7" status="PASS">
          <reporter-output>
          </reporter-output>
        </test-method> <!-- InputFieldFunctinality -->
        <test-method signature="PasswordPolicyValidation()[pri:0, instance:ParallelTest_1.Registration@821330f]" started-at="2026-07-21T01:28:47 IST" name="PasswordPolicyValidation" finished-at="2026-07-21T01:28:47 IST" duration-ms="16" status="PASS">
          <reporter-output>
          </reporter-output>
        </test-method> <!-- PasswordPolicyValidation -->
      </class> <!-- ParallelTest_1.Registration -->
    </test> <!-- Test -->
  </suite> <!-- Suite (2) -->
</testng-results>
