<?xml version="1.0" encoding="UTF-8"?>
<testsuite xmlns:xsi="http://www.w3.org/2001/XMLSchema-instance" xsi:noNamespaceSchemaLocation="https://maven.apache.org/surefire/maven-surefire-plugin/xsd/surefire-test-report.xsd" version="3.0.2" name="TestSuite" time="2.284" tests="14" errors="0" skipped="0" failures="0">
  <properties>
[...]
</properties>
  <testcase name="EmailFormatevalidation" classname="ParallelTest_1.Registration" time="0.214">
    <system-out><![CDATA[verify email field accept only valid formate --such as abc@gmail.com
]]></system-out>
  </testcase>
  <testcase name="EmailFormatevalidation" classname="ParallelTest_1.Registration" time="0.009">
    <system-out><![CDATA[verify email field accept only valid formate --such as abc@gmail.com
]]></system-out>
  </testcase>
  <testcase name="InputFieldFunctinality" classname="ParallelTest_1.Registration" time="0.005">
    <system-out><![CDATA[verify all the input fields (First Name, Last Name, Email, Password, Confirm Password) are working properly
]]></system-out>
  </testcase>
  <testcase name="InputFieldFunctinality" classname="ParallelTest_1.Registration" time="0.006">
    <system-out><![CDATA[verify all the input fields (First Name, Last Name, Email, Password, Confirm Password) are working properly
]]></system-out>
  </testcase>
  <testcase name="PasswordPolicyValidation" classname="ParallelTest_1.Registration" time="0.007">
    <system-out><![CDATA[verify password meets defied rules (lenght,uppercase,special character, etc
]]></system-out>
  </testcase>
  <testcase name="PasswordPolicyValidation" classname="ParallelTest_1.Registration" time="0.008">
    <system-out><![CDATA[verify password meets defied rules (lenght,uppercase,special character, etc
]]></system-out>
  </testcase>
  <testcase name="InputPassword" classname="ParallelTest_2.LogIn" time="0.008">
    <system-out><![CDATA[Password field should accept input and mask the password
]]></system-out>
  </testcase>
  <testcase name="InputPassword" classname="ParallelTest_2.LogIn" time="0.006">
    <system-out><![CDATA[Password field should accept input and mask the password
]]></system-out>
  </testcase>
  <testcase name="InputUserName" classname="ParallelTest_2.LogIn" time="0.012">
    <system-out><![CDATA[user should be able to enter username in the username field
]]></system-out>
  </testcase>
  <testcase name="InputUserName" classname="ParallelTest_2.LogIn" time="0.012">
    <system-out><![CDATA[user should be able to enter username in the username field
]]></system-out>
  </testcase>
  <testcase name="LogInButton" classname="ParallelTest_2.LogIn" time="0.01">
    <system-out><![CDATA[Click on login button should redirect user to home page
]]></system-out>
  </testcase>
  <testcase name="LogInButton" classname="ParallelTest_2.LogIn" time="0.012">
    <system-out><![CDATA[Click on login button should redirect user to home page
]]></system-out>
  </testcase>
  <testcase name="HomePageFunctinality" classname="ParallelTest_3.HomePage" time="0.013">
    <system-out><![CDATA[This is HomePageFunctinality
]]></system-out>
  </testcase>
  <testcase name="HomePageFunctinality" classname="ParallelTest_3.HomePage" time="0.005">
    <system-out><![CDATA[This is HomePageFunctinality
]]></system-out>
  </testcase>
</testsuite>