<?xml version="1.0" encoding="UTF-8"?>
<testng-results ignored="0" total="14" passed="14" failed="0" skipped="0">
  <reporter-output>
  </reporter-output>
  <suite started-at="2026-07-22T23:15:50 IST" name="Suite" finished-at="2026-07-22T23:15:50 IST" duration-ms="321">
    <groups>
    </groups>
    <test started-at="2026-07-22T23:15:50 IST" name="Test" finished-at="2026-07-22T23:15:50 IST" duration-ms="321">
      <class name="ParallelTest_1.Registration">
        <test-method signature="EmailFormatevalidation()[pri:0, instance:ParallelTest_1.Registration@23c30a20]" started-at="2026-07-22T23:15:50 IST" name="EmailFormatevalidation" finished-at="2026-07-22T23:15:50 IST" duration-ms="95" status="PASS">
          <reporter-output>
          </reporter-output>
        </test-method> <!-- EmailFormatevalidation -->
        <test-method signature="InputFieldFunctinality()[pri:0, instance:ParallelTest_1.Registration@23c30a20]" started-at="2026-07-22T23:15:50 IST" name="InputFieldFunctinality" finished-at="2026-07-22T23:15:50 IST" duration-ms="6" status="PASS">
          <reporter-output>
          </reporter-output>
        </test-method> <!-- InputFieldFunctinality -->
        <test-method signature="PasswordPolicyValidation()[pri:0, instance:ParallelTest_1.Registration@23c30a20]" started-at="2026-07-22T23:15:50 IST" name="PasswordPolicyValidation" finished-at="2026-07-22T23:15:50 IST" duration-ms="3" status="PASS">
          <reporter-output>
          </reporter-output>
        </test-method> <!-- PasswordPolicyValidation -->
      </class> <!-- ParallelTest_1.Registration -->
    </test> <!-- Test -->
  </suite> <!-- Suite -->
  <suite started-at="2026-07-22T23:15:50 IST" name="Suite (1)" finished-at="2026-07-22T23:15:50 IST" duration-ms="14">
    <groups>
    </groups>
    <test started-at="2026-07-22T23:15:50 IST" name="Test" finished-at="2026-07-22T23:15:50 IST" duration-ms="14">
      <class name="ParallelTest_3.HomePage">
        <test-method signature="HomePageFunctinality()[pri:0, instance:ParallelTest_3.HomePage@298a5e20]" started-at="2026-07-22T23:15:50 IST" name="HomePageFunctinality" finished-at="2026-07-22T23:15:50 IST" duration-ms="3" status="PASS">
          <reporter-output>
          </reporter-output>
        </test-method> <!-- HomePageFunctinality -->
      </class> <!-- ParallelTest_3.HomePage -->
    </test> <!-- Test -->
  </suite> <!-- Suite (1) -->
  <suite started-at="2026-07-22T23:15:50 IST" name="Suite (0)" finished-at="2026-07-22T23:15:50 IST" duration-ms="51">
    <groups>
    </groups>
    <test started-at="2026-07-22T23:15:50 IST" name="Test" finished-at="2026-07-22T23:15:50 IST" duration-ms="51">
      <class name="ParallelTest_2.LogIn">
        <test-method signature="InputPassword()[pri:0, instance:ParallelTest_2.LogIn@750e2b97]" started-at="2026-07-22T23:15:50 IST" name="InputPassword" finished-at="2026-07-22T23:15:50 IST" duration-ms="5" status="PASS">
          <reporter-output>
          </reporter-output>
        </test-method> <!-- InputPassword -->
        <test-method signature="InputUserName()[pri:0, instance:ParallelTest_2.LogIn@750e2b97]" started-at="2026-07-22T23:15:50 IST" name="InputUserName" finished-at="2026-07-22T23:15:50 IST" duration-ms="6" status="PASS">
          <reporter-output>
          </reporter-output>
        </test-method> <!-- InputUserName -->
        <test-method signature="LogInButton()[pri:0, instance:ParallelTest_2.LogIn@750e2b97]" started-at="2026-07-22T23:15:50 IST" name="LogInButton" finished-at="2026-07-22T23:15:50 IST" duration-ms="5" status="PASS">
          <reporter-output>
          </reporter-output>
        </test-method> <!-- LogInButton -->
      </class> <!-- ParallelTest_2.LogIn -->
    </test> <!-- Test -->
  </suite> <!-- Suite (0) -->
  <suite started-at="2026-07-22T23:15:51 IST" name="Master Suite" finished-at="2026-07-22T23:15:51 IST" duration-ms="0">
    <groups>
    </groups>
  </suite> <!-- Master Suite -->
  <suite started-at="2026-07-22T23:15:50 IST" name="Suite (2)" finished-at="2026-07-22T23:15:50 IST" duration-ms="73">
    <groups>
    </groups>
    <test started-at="2026-07-22T23:15:50 IST" name="Test" finished-at="2026-07-22T23:15:50 IST" duration-ms="73">
      <class name="ParallelTest_2.LogIn">
        <test-method signature="InputPassword()[pri:0, instance:ParallelTest_2.LogIn@740cae06]" started-at="2026-07-22T23:15:50 IST" name="InputPassword" finished-at="2026-07-22T23:15:50 IST" duration-ms="3" status="PASS">
          <reporter-output>
          </reporter-output>
        </test-method> <!-- InputPassword -->
        <test-method signature="InputUserName()[pri:0, instance:ParallelTest_2.LogIn@740cae06]" started-at="2026-07-22T23:15:50 IST" name="InputUserName" finished-at="2026-07-22T23:15:50 IST" duration-ms="7" status="PASS">
          <reporter-output>
          </reporter-output>
        </test-method> <!-- InputUserName -->
        <test-method signature="LogInButton()[pri:0, instance:ParallelTest_2.LogIn@740cae06]" started-at="2026-07-22T23:15:50 IST" name="LogInButton" finished-at="2026-07-22T23:15:50 IST" duration-ms="4" status="PASS">
          <reporter-output>
          </reporter-output>
        </test-method> <!-- LogInButton -->
      </class> <!-- ParallelTest_2.LogIn -->
      <class name="ParallelTest_3.HomePage">
        <test-method signature="HomePageFunctinality()[pri:0, instance:ParallelTest_3.HomePage@26d9b808]" started-at="2026-07-22T23:15:50 IST" name="HomePageFunctinality" finished-at="2026-07-22T23:15:50 IST" duration-ms="4" status="PASS">
          <reporter-output>
          </reporter-output>
        </test-method> <!-- HomePageFunctinality -->
      </class> <!-- ParallelTest_3.HomePage -->
      <class name="ParallelTest_1.Registration">
        <test-method signature="EmailFormatevalidation()[pri:0, instance:ParallelTest_1.Registration@f0c8a99]" started-at="2026-07-22T23:15:50 IST" name="EmailFormatevalidation" finished-at="2026-07-22T23:15:50 IST" duration-ms="3" status="PASS">
          <reporter-output>
          </reporter-output>
        </test-method> <!-- EmailFormatevalidation -->
        <test-method signature="InputFieldFunctinality()[pri:0, instance:ParallelTest_1.Registration@f0c8a99]" started-at="2026-07-22T23:15:50 IST" name="InputFieldFunctinality" finished-at="2026-07-22T23:15:50 IST" duration-ms="2" status="PASS">
          <reporter-output>
          </reporter-output>
        </test-method> <!-- InputFieldFunctinality -->
        <test-method signature="PasswordPolicyValidation()[pri:0, instance:ParallelTest_1.Registration@f0c8a99]" started-at="2026-07-22T23:15:50 IST" name="PasswordPolicyValidation" finished-at="2026-07-22T23:15:50 IST" duration-ms="3" status="PASS">
          <reporter-output>
          </reporter-output>
        </test-method> <!-- PasswordPolicyValidation -->
      </class> <!-- ParallelTest_1.Registration -->
    </test> <!-- Test -->
  </suite> <!-- Suite (2) -->
</testng-results>
