<?xml version="1.0" encoding="UTF-8"?>
<!-- Generated by org.testng.reporters.JUnitXMLReporter -->
<testsuite ignored="0" hostname="DESKTOP-7SBFA82" failures="0" tests="3" name="Test" time="0.149" errors="0" timestamp="2026-07-23T00:02:11 IST">
  <testcase classname="ParallelTest_2.LogIn" name="InputPassword" time="0.01"/>
  <testcase classname="ParallelTest_2.LogIn" name="InputUserName" time="0.007"/>
  <testcase classname="ParallelTest_2.LogIn" name="LogInButton" time="0.026"/>
</testsuite> <!-- Test -->
