<?xml version="1.0" encoding="UTF-8"?>
<!-- Generated by org.testng.reporters.JUnitXMLReporter -->
<testsuite ignored="0" hostname="DESKTOP-7SBFA82" failures="0" tests="3" name="Test" time="0.073" errors="0" timestamp="2026-07-21T01:28:47 IST">
  <testcase classname="ParallelTest_2.LogIn" name="InputPassword" time="0.006"/>
  <testcase classname="ParallelTest_2.LogIn" name="InputUserName" time="0.01"/>
  <testcase classname="ParallelTest_2.LogIn" name="LogInButton" time="0.01"/>
</testsuite> <!-- Test -->
