<?xml version="1.0" encoding="UTF-8"?>
<testng-results ignored="0" total="7" passed="7" failed="0" skipped="0">
  <reporter-output>
  </reporter-output>
  <suite started-at="2026-07-15T13:36:57 IST" name="Suite" finished-at="2026-07-15T13:36:58 IST" duration-ms="631">
    <groups>
    </groups>
    <test started-at="2026-07-15T13:36:57 IST" name="Test" finished-at="2026-07-15T13:36:58 IST" duration-ms="631">
      <class name="ParallelTest_2.LogIn">
        <test-method signature="InputPassword()[pri:0, instance:ParallelTest_2.LogIn@6f36c2f0]" started-at="2026-07-15T13:36:58 IST" name="InputPassword" finished-at="2026-07-15T13:36:58 IST" duration-ms="10" status="PASS">
          <reporter-output>
          </reporter-output>
        </test-method> <!-- InputPassword -->
        <test-method signature="InputUserName()[pri:0, instance:ParallelTest_2.LogIn@6f36c2f0]" started-at="2026-07-15T13:36:58 IST" name="InputUserName" finished-at="2026-07-15T13:36:58 IST" duration-ms="14" status="PASS">
          <reporter-output>
          </reporter-output>
        </test-method> <!-- InputUserName -->
        <test-method signature="LogInButton()[pri:0, instance:ParallelTest_2.LogIn@6f36c2f0]" started-at="2026-07-15T13:36:58 IST" name="LogInButton" finished-at="2026-07-15T13:36:58 IST" duration-ms="8" status="PASS">
          <reporter-output>
          </reporter-output>
        </test-method> <!-- LogInButton -->
      </class> <!-- ParallelTest_2.LogIn -->
      <class name="ParallelTest_3.HomePage">
        <test-method signature="HomePageFunctinality()[pri:0, instance:ParallelTest_3.HomePage@f58853c]" started-at="2026-07-15T13:36:58 IST" name="HomePageFunctinality" finished-at="2026-07-15T13:36:58 IST" duration-ms="13" status="PASS">
          <reporter-output>
          </reporter-output>
        </test-method> <!-- HomePageFunctinality -->
      </class> <!-- ParallelTest_3.HomePage -->
      <class name="ParallelTest_1.Registration">
        <test-method signature="EmailFormatevalidation()[pri:0, instance:ParallelTest_1.Registration@5efa40fe]" started-at="2026-07-15T13:36:57 IST" name="EmailFormatevalidation" finished-at="2026-07-15T13:36:57 IST" duration-ms="104" status="PASS">
          <reporter-output>
          </reporter-output>
        </test-method> <!-- EmailFormatevalidation -->
        <test-method signature="InputFieldFunctinality()[pri:0, instance:ParallelTest_1.Registration@5efa40fe]" started-at="2026-07-15T13:36:58 IST" name="InputFieldFunctinality" finished-at="2026-07-15T13:36:58 IST" duration-ms="14" status="PASS">
          <reporter-output>
          </reporter-output>
        </test-method> <!-- InputFieldFunctinality -->
        <test-method signature="PasswordPolicyValidation()[pri:0, instance:ParallelTest_1.Registration@5efa40fe]" started-at="2026-07-15T13:36:58 IST" name="PasswordPolicyValidation" finished-at="2026-07-15T13:36:58 IST" duration-ms="41" status="PASS">
          <reporter-output>
          </reporter-output>
        </test-method> <!-- PasswordPolicyValidation -->
      </class> <!-- ParallelTest_1.Registration -->
    </test> <!-- Test -->
  </suite> <!-- Suite -->
</testng-results>
