<?xml version="1.0" encoding="UTF-8"?>
<!-- Generated by org.testng.reporters.JUnitReportReporter -->
<testsuite hostname="DESKTOP-7SBFA82" failures="0" tests="3" name="ParallelTest_1.Registration" time="0.159" errors="0" timestamp="2026-07-15T13:36:58 IST" skipped="0">
  <testcase classname="ParallelTest_1.Registration" name="EmailFormatevalidation" time="0.104"/>
  <testcase classname="ParallelTest_1.Registration" name="PasswordPolicyValidation" time="0.041"/>
  <testcase classname="ParallelTest_1.Registration" name="InputFieldFunctinality" time="0.014"/>
</testsuite> <!-- ParallelTest_1.Registration -->
