<?xml version="1.0" encoding="UTF-8"?>
<!-- Generated by org.testng.reporters.JUnitReportReporter -->
<testsuite hostname="DESKTOP-7SBFA82" failures="0" tests="3" name="ParallelTest_2.LogIn" time="0.032" errors="0" timestamp="2026-07-15T13:36:58 IST" skipped="0">
  <testcase classname="ParallelTest_2.LogIn" name="LogInButton" time="0.008"/>
  <testcase classname="ParallelTest_2.LogIn" name="InputPassword" time="0.010"/>
  <testcase classname="ParallelTest_2.LogIn" name="InputUserName" time="0.014"/>
</testsuite> <!-- ParallelTest_2.LogIn -->
