<?xml version="1.0" encoding="UTF-8"?>
<!-- Generated by org.testng.reporters.JUnitReportReporter -->
<testsuite hostname="DESKTOP-7SBFA82" failures="0" tests="6" name="ParallelTest_1.Registration" time="0.112" errors="0" timestamp="2026-07-22T23:15:51 IST" skipped="0">
  <testcase classname="ParallelTest_1.Registration" name="PasswordPolicyValidation" time="0.003"/>
  <testcase classname="ParallelTest_1.Registration" name="InputFieldFunctinality" time="0.006"/>
  <testcase classname="ParallelTest_1.Registration" name="InputFieldFunctinality" time="0.002"/>
  <testcase classname="ParallelTest_1.Registration" name="EmailFormatevalidation" time="0.095"/>
  <testcase classname="ParallelTest_1.Registration" name="EmailFormatevalidation" time="0.003"/>
  <testcase classname="ParallelTest_1.Registration" name="PasswordPolicyValidation" time="0.003"/>
</testsuite> <!-- ParallelTest_1.Registration -->
