<?xml version="1.0" encoding="UTF-8"?>
<!-- Generated by org.testng.reporters.JUnitReportReporter -->
<testsuite hostname="DESKTOP-7SBFA82" failures="0" tests="6" name="ParallelTest_1.Registration" time="0.261" errors="0" timestamp="2026-07-21T01:28:47 IST" skipped="0">
  <testcase classname="ParallelTest_1.Registration" name="PasswordPolicyValidation" time="0.006"/>
  <testcase classname="ParallelTest_1.Registration" name="EmailFormatevalidation" time="0.214"/>
  <testcase classname="ParallelTest_1.Registration" name="EmailFormatevalidation" time="0.012"/>
  <testcase classname="ParallelTest_1.Registration" name="InputFieldFunctinality" time="0.006"/>
  <testcase classname="ParallelTest_1.Registration" name="InputFieldFunctinality" time="0.007"/>
  <testcase classname="ParallelTest_1.Registration" name="PasswordPolicyValidation" time="0.016"/>
</testsuite> <!-- ParallelTest_1.Registration -->
