<?xml version="1.0" encoding="UTF-8"?>
<!-- Generated by org.testng.reporters.JUnitReportReporter -->
<testsuite hostname="DESKTOP-7SBFA82" failures="0" tests="6" name="ParallelTest_2.LogIn" time="0.093" errors="0" timestamp="2026-07-23T00:02:13 IST" skipped="0">
  <testcase classname="ParallelTest_2.LogIn" name="InputUserName" time="0.006"/>
  <testcase classname="ParallelTest_2.LogIn" name="LogInButton" time="0.026"/>
  <testcase classname="ParallelTest_2.LogIn" name="InputUserName" time="0.007"/>
  <testcase classname="ParallelTest_2.LogIn" name="InputPassword" time="0.034"/>
  <testcase classname="ParallelTest_2.LogIn" name="InputPassword" time="0.010"/>
  <testcase classname="ParallelTest_2.LogIn" name="LogInButton" time="0.010"/>
</testsuite> <!-- ParallelTest_2.LogIn -->
